0 info it worked if it ends with ok
1 verbose cli [ '/usr/local/bin/node', '/usr/local/bin/npm', 'run', 'ci:test' ]
2 info using npm@6.4.1
3 info using node@v10.15.0
4 verbose config Skipping project config: /home/node/.npmrc. (matches userconfig)
5 verbose run-script [ 'preci:test', 'ci:test', 'postci:test' ]
6 info lifecycle docker-compose-node@1.0.0~preci:test: docker-compose-node@1.0.0
7 info lifecycle docker-compose-node@1.0.0~ci:test: docker-compose-node@1.0.0
8 verbose lifecycle docker-compose-node@1.0.0~ci:test: unsafe-perm in lifecycle true
9 verbose lifecycle docker-compose-node@1.0.0~ci:test: PATH: /usr/local/lib/node_modules/npm/node_modules/npm-lifecycle/node-gyp-bin:/home/node/node_modules/.bin:/usr/local/sbin:/usr/local/bin:/usr/sbin:/usr/bin:/sbin:/bin:/home/node/.npm-global/bin
10 verbose lifecycle docker-compose-node@1.0.0~ci:test: CWD: /home/node
11 silly lifecycle docker-compose-node@1.0.0~ci:test: Args: [ '-c',
11 silly lifecycle   'cross-env NODE_ENV=test mocha src/test/**.test.js --timeout 20000 --exit' ]
12 silly lifecycle docker-compose-node@1.0.0~ci:test: Returned: code: 1  signal: null
13 info lifecycle docker-compose-node@1.0.0~ci:test: Failed to exec ci:test script
14 verbose stack Error: docker-compose-node@1.0.0 ci:test: `cross-env NODE_ENV=test mocha src/test/**.test.js --timeout 20000 --exit`
14 verbose stack Exit status 1
14 verbose stack     at EventEmitter.<anonymous> (/usr/local/lib/node_modules/npm/node_modules/npm-lifecycle/index.js:301:16)
14 verbose stack     at EventEmitter.emit (events.js:182:13)
14 verbose stack     at ChildProcess.<anonymous> (/usr/local/lib/node_modules/npm/node_modules/npm-lifecycle/lib/spawn.js:55:14)
14 verbose stack     at ChildProcess.emit (events.js:182:13)
14 verbose stack     at maybeClose (internal/child_process.js:962:16)
14 verbose stack     at Process.ChildProcess._handle.onexit (internal/child_process.js:251:5)
15 verbose pkgid docker-compose-node@1.0.0
16 verbose cwd /home/node
17 verbose Linux 5.0.0-25-generic
18 verbose argv "/usr/local/bin/node" "/usr/local/bin/npm" "run" "ci:test"
19 verbose node v10.15.0
20 verbose npm  v6.4.1
21 error code ELIFECYCLE
22 error errno 1
23 error docker-compose-node@1.0.0 ci:test: `cross-env NODE_ENV=test mocha src/test/**.test.js --timeout 20000 --exit`
23 error Exit status 1
24 error Failed at the docker-compose-node@1.0.0 ci:test script.
24 error This is probably not a problem with npm. There is likely additional logging output above.
25 verbose exit [ 1, true ]
