0 info it worked if it ends with ok
1 verbose cli [ '/usr/local/bin/node',
1 verbose cli   '/usr/local/bin/npm',
1 verbose cli   'run',
1 verbose cli   'start:dev' ]
2 info using npm@6.4.1
3 info using node@v10.15.0
4 verbose config Skipping project config: /home/node/.npmrc. (matches userconfig)
5 verbose run-script [ 'prestart:dev', 'start:dev', 'poststart:dev' ]
6 info lifecycle docker-compose-node@1.0.0~prestart:dev: docker-compose-node@1.0.0
7 info lifecycle docker-compose-node@1.0.0~start:dev: docker-compose-node@1.0.0
8 verbose lifecycle docker-compose-node@1.0.0~start:dev: unsafe-perm in lifecycle true
9 verbose lifecycle docker-compose-node@1.0.0~start:dev: PATH: /usr/local/lib/node_modules/npm/node_modules/npm-lifecycle/node-gyp-bin:/home/node/node_modules/.bin:/usr/local/lib/node_modules/npm/node_modules/npm-lifecycle/node-gyp-bin:/home/node/node_modules/.bin:/usr/local/sbin:/usr/local/bin:/usr/sbin:/usr/bin:/sbin:/bin:/home/node/.npm-global/bin
10 verbose lifecycle docker-compose-node@1.0.0~start:dev: CWD: /home/node
11 silly lifecycle docker-compose-node@1.0.0~start:dev: Args: [ '-c',
11 silly lifecycle   'nodemon --inspect=0.0.0.0:9229 --exec babel-node src/index.js' ]
12 silly lifecycle docker-compose-node@1.0.0~start:dev: Returned: code: 143  signal: null
13 info lifecycle docker-compose-node@1.0.0~start:dev: Failed to exec start:dev script
14 verbose stack Error: docker-compose-node@1.0.0 start:dev: `nodemon --inspect=0.0.0.0:9229 --exec babel-node src/index.js`
14 verbose stack Exit status 143
14 verbose stack     at EventEmitter.<anonymous> (/usr/local/lib/node_modules/npm/node_modules/npm-lifecycle/index.js:301:16)
14 verbose stack     at EventEmitter.emit (events.js:182:13)
14 verbose stack     at ChildProcess.<anonymous> (/usr/local/lib/node_modules/npm/node_modules/npm-lifecycle/lib/spawn.js:55:14)
14 verbose stack     at ChildProcess.emit (events.js:182:13)
14 verbose stack     at maybeClose (internal/child_process.js:962:16)
14 verbose stack     at Process.ChildProcess._handle.onexit (internal/child_process.js:251:5)
15 verbose pkgid docker-compose-node@1.0.0
16 verbose cwd /home/node
17 verbose Linux 5.0.0-25-generic
18 verbose argv "/usr/local/bin/node" "/usr/local/bin/npm" "run" "start:dev"
19 verbose node v10.15.0
20 verbose npm  v6.4.1
21 error code ELIFECYCLE
22 error errno 143
23 error docker-compose-node@1.0.0 start:dev: `nodemon --inspect=0.0.0.0:9229 --exec babel-node src/index.js`
23 error Exit status 143
24 error Failed at the docker-compose-node@1.0.0 start:dev script.
24 error This is probably not a problem with npm. There is likely additional logging output above.
25 verbose exit [ 143, true ]
